[2018-02-15T21:30:38.820] [INFO] rajio - Serving at http://localhost:4290
[2018-02-15T21:33:25.045] [INFO] rajio - Serving at http://localhost:4290
[2018-02-15T21:35:27.759] [INFO] rajio - Serving at http://localhost:4290
[2018-02-15T21:36:57.313] [INFO] rajio - Serving at http://localhost:4290
[2018-02-15T21:38:42.583] [INFO] rajio - Serving at http://localhost:4290
[2018-02-15T21:38:45.817] [INFO] rajio - undefined(undefined) GET /
[2018-02-15T21:38:45.872] [INFO] rajio - undefined(undefined) GET /static/css/globle.css
[2018-02-15T21:38:45.915] [INFO] rajio - undefined(undefined) GET /static/css/icon.css
[2018-02-15T21:38:45.943] [INFO] rajio - undefined(undefined) GET /static/js/index.js
[2018-02-15T21:38:45.968] [INFO] rajio - undefined(undefined) GET /static/img/qrcode.jpg
[2018-02-15T21:38:46.013] [INFO] rajio - undefined(undefined) GET /static/img/texture.png
[2018-02-15T21:38:46.015] [INFO] rajio - undefined(undefined) GET /static/font/2fcrYFNaTjcS6g4U3t-Y5ZjZjT5FdEJ140U2DJYC3mY.woff2
[2018-02-15T21:39:23.226] [INFO] rajio - undefined(undefined) GET /
[2018-02-15T21:39:23.275] [INFO] rajio - undefined(undefined) GET /static/css/globle.css
[2018-02-15T21:39:23.295] [INFO] rajio - undefined(undefined) GET /static/css/icon.css
[2018-02-15T21:39:23.325] [INFO] rajio - undefined(undefined) GET /static/js/index.js
[2018-02-15T21:39:23.337] [INFO] rajio - undefined(undefined) GET /static/img/qrcode.jpg
[2018-02-15T21:39:23.401] [INFO] rajio - undefined(undefined) GET /static/img/texture.png
[2018-02-15T21:39:23.404] [INFO] rajio - undefined(undefined) GET /static/font/2fcrYFNaTjcS6g4U3t-Y5ZjZjT5FdEJ140U2DJYC3mY.woff2
[2018-02-15T21:39:40.722] [INFO] rajio - Serving at http://localhost:4290
[2018-02-15T21:39:40.909] [INFO] rajio - undefined(undefined) GET /
[2018-02-15T21:39:40.976] [INFO] rajio - undefined(undefined) GET /static/css/globle.css
[2018-02-15T21:39:41.010] [INFO] rajio - undefined(undefined) GET /static/css/icon.css
[2018-02-15T21:39:41.056] [INFO] rajio - undefined(undefined) GET /static/js/index.js
[2018-02-15T21:39:41.072] [INFO] rajio - undefined(undefined) GET /static/img/qrcode.jpg
[2018-02-15T21:39:41.120] [INFO] rajio - undefined(undefined) GET /static/img/texture.png
[2018-02-15T21:39:41.123] [INFO] rajio - undefined(undefined) GET /static/font/2fcrYFNaTjcS6g4U3t-Y5ZjZjT5FdEJ140U2DJYC3mY.woff2
[2018-02-15T21:43:37.276] [INFO] rajio - Serving at http://localhost:4290
[2018-02-15T23:28:18.955] [INFO] rajio - Serving at http://localhost:4290
[2018-02-15T23:31:00.113] [INFO] rajio - Serving at http://localhost:4290
[2018-02-15T23:41:09.033] [INFO] rajio - Serving at http://localhost:4290
[2018-02-15T23:41:59.501] [INFO] rajio - Serving at http://localhost:4290
[2018-02-15T23:42:31.211] [INFO] rajio - Serving at http://localhost:4290
[2018-02-15T23:43:52.921] [INFO] rajio - Serving at http://localhost:4290
[2018-02-15T23:55:14.768] [INFO] rajio - Serving at http://localhost:4290
[2018-02-15T23:56:07.167] [INFO] rajio - Serving at http://localhost:4290
[2018-02-15T23:56:41.698] [INFO] rajio - Serving at http://localhost:4290
[2018-02-15T23:57:32.156] [INFO] rajio - Serving at http://localhost:4290
[2018-02-16T00:30:30.681] [INFO] rajio - Serving at http://localhost:4290
[2018-02-16T00:32:06.240] [INFO] rajio - Serving at http://localhost:4290
[2018-02-26T23:17:32.926] [INFO] rajio - Serving at http://localhost:4290
[2018-02-26T23:26:19.263] [INFO] rajio - Serving at http://localhost:4290
[2018-02-26T23:27:12.095] [INFO] rajio - Serving at http://localhost:4290
[2018-02-26T23:54:33.259] [INFO] rajio - Serving at http://localhost:4290
[2018-02-26T23:57:58.728] [INFO] rajio - Serving at http://localhost:4290
[2018-02-26T23:58:59.787] [INFO] rajio - Serving at http://localhost:4290
